<?xml version="1.0" encoding="UTF-8"?>
<!-- Generated by org.testng.reporters.JUnitReportReporter -->
<testsuite skipped="0" hostname="ClientPC" name="testjava.TestPage" tests="1" failures="0" timestamp="31 May 2018 15:59:54 GMT" time="0.015" errors="0">
  <testcase name="test1" time="0.015" classname="testjava.TestPage"/>
</testsuite> <!-- testjava.TestPage -->
