<?xml version="1.0" encoding="UTF-8"?>
<!-- Generated by org.testng.reporters.JUnitReportReporter -->
<testsuite skipped="0" hostname="ClientPC" name="mainjava.MainPage" tests="1" failures="0" timestamp="31 May 2018 15:59:54 GMT" time="0.006" errors="0">
  <testcase name="test" time="0.006" classname="mainjava.MainPage"/>
</testsuite> <!-- mainjava.MainPage -->
